Reachable types computed on: Mon Jun 11 07:23:59 IST 2012
com.google.gwt.i18n.client.impl.ConstantMap
   Serialization status
      Not serializable
   Path
      'com.google.gwt.i18n.client.impl.ConstantMap' is reachable as a subtype of type 'interface java.util.Map<java.lang.String, java.lang.String>'
      'java.util.Map<java.lang.String, java.lang.String>' is reachable from field 'm_params' of type 'com.novell.rolemap.client.ui.client.grid.DataFilter'
      'com.novell.rolemap.client.ui.client.grid.DataFilter' is reachable as a subtype of type 'class com.novell.rolemap.client.ui.client.grid.DataFilter'
      'com.novell.rolemap.client.ui.client.grid.DataFilter' is reachable from field 'm_filter' of type 'com.novell.rolemap.client.ui.client.grid.DataResult'
      'com.novell.rolemap.client.ui.client.grid.DataResult' is reachable as a subtype of type 'class com.novell.rolemap.client.ui.client.grid.DataResult'
      Started from 'com.novell.rolemap.client.ui.client.grid.DataResult'

com.google.gwt.user.client.rpc.IncompatibleRemoteServiceException
   Serialization status
      Instantiable
   Path
      'com.google.gwt.user.client.rpc.IncompatibleRemoteServiceException' is reachable as a subtype of type 'class com.google.gwt.user.client.rpc.IncompatibleRemoteServiceException'
      Started from 'com.google.gwt.user.client.rpc.IncompatibleRemoteServiceException'

com.novell.gwt.lib.client.widgets.table.DataRecord
   Serialization status
      Instantiable
   Path
      'com.novell.gwt.lib.client.widgets.table.DataRecord' is reachable as a subtype of type 'class com.novell.gwt.lib.client.widgets.table.DataRecord'
      'com.novell.gwt.lib.client.widgets.table.DataRecord' is reachable from type argument 0 of type 'java.util.ArrayList<E>'
      'java.util.ArrayList<com.novell.gwt.lib.client.widgets.table.DataRecord>' is reachable as a subtype of type 'interface java.util.List<com.novell.gwt.lib.client.widgets.table.DataRecord>'
      'java.util.List<com.novell.gwt.lib.client.widgets.table.DataRecord>' is reachable from field 'm_records' of type 'com.novell.rolemap.client.ui.client.grid.DataResult'
      'com.novell.rolemap.client.ui.client.grid.DataResult' is reachable as a subtype of type 'class com.novell.rolemap.client.ui.client.grid.DataResult'
      Started from 'com.novell.rolemap.client.ui.client.grid.DataResult'

com.novell.gwt.lib.client.widgets.table.DataRecord[]
   Serialization status
      Instantiable
   Path
      'com.novell.gwt.lib.client.widgets.table.DataRecord' is reachable from type argument 0 of type 'java.util.Arrays.ArrayList<E>'
      'java.util.Arrays.ArrayList<com.novell.gwt.lib.client.widgets.table.DataRecord>' is reachable as a subtype of type 'interface java.util.List<com.novell.gwt.lib.client.widgets.table.DataRecord>'
      'java.util.List<com.novell.gwt.lib.client.widgets.table.DataRecord>' is reachable from field 'm_records' of type 'com.novell.rolemap.client.ui.client.grid.DataResult'
      'com.novell.rolemap.client.ui.client.grid.DataResult' is reachable as a subtype of type 'class com.novell.rolemap.client.ui.client.grid.DataResult'
      Started from 'com.novell.rolemap.client.ui.client.grid.DataResult'

com.novell.rolemap.client.ui.client.UIRemoteException
   Serialization status
      Instantiable
   Path
      'com.novell.rolemap.client.ui.client.UIRemoteException' is reachable as a subtype of type 'class com.novell.rolemap.client.ui.client.UIRemoteException'
      Started from 'com.novell.rolemap.client.ui.client.UIRemoteException'

com.novell.rolemap.client.ui.client.grid.DataFilter
   Serialization status
      Instantiable
   Path
      'com.novell.rolemap.client.ui.client.grid.DataFilter' is reachable as a subtype of type 'class com.novell.rolemap.client.ui.client.grid.DataFilter'
      'com.novell.rolemap.client.ui.client.grid.DataFilter' is reachable from field 'm_filter' of type 'com.novell.rolemap.client.ui.client.grid.DataResult'
      'com.novell.rolemap.client.ui.client.grid.DataResult' is reachable as a subtype of type 'class com.novell.rolemap.client.ui.client.grid.DataResult'
      Started from 'com.novell.rolemap.client.ui.client.grid.DataResult'

com.novell.rolemap.client.ui.client.grid.DataResult
   Serialization status
      Instantiable
   Path
      'com.novell.rolemap.client.ui.client.grid.DataResult' is reachable as a subtype of type 'class com.novell.rolemap.client.ui.client.grid.DataResult'
      Started from 'com.novell.rolemap.client.ui.client.grid.DataResult'

com.novell.rolemap.client.ui.client.grid.DataStatus
   Serialization status
      Instantiable
   Path
      'com.novell.rolemap.client.ui.client.grid.DataStatus' is reachable as a subtype of type 'class com.novell.rolemap.client.ui.client.grid.DataStatus'
      'com.novell.rolemap.client.ui.client.grid.DataStatus' is reachable from field 'm_status' of type 'com.novell.rolemap.client.ui.client.grid.DataResult'
      'com.novell.rolemap.client.ui.client.grid.DataResult' is reachable as a subtype of type 'class com.novell.rolemap.client.ui.client.grid.DataResult'
      Started from 'com.novell.rolemap.client.ui.client.grid.DataResult'

com.novell.rolemap.client.ui.client.services.AuthorizationFilterModel
   Serialization status
      Instantiable
   Path
      'com.novell.rolemap.client.ui.client.services.AuthorizationFilterModel' is reachable as a subtype of type 'class com.novell.rolemap.client.ui.client.grid.DataFilter'
      'com.novell.rolemap.client.ui.client.grid.DataFilter' is reachable from field 'm_filter' of type 'com.novell.rolemap.client.ui.client.grid.DataResult'
      'com.novell.rolemap.client.ui.client.grid.DataResult' is reachable as a subtype of type 'class com.novell.rolemap.client.ui.client.grid.DataResult'
      Started from 'com.novell.rolemap.client.ui.client.grid.DataResult'

java.lang.Exception
   Serialization status
      Field serializable
   Path
      'java.lang.Exception' is reachable as a supertype of type 'class java.lang.RuntimeException'
      'java.lang.RuntimeException' is reachable as a supertype of type 'class com.google.gwt.user.client.rpc.IncompatibleRemoteServiceException'
      'com.google.gwt.user.client.rpc.IncompatibleRemoteServiceException' is reachable as a subtype of type 'class com.google.gwt.user.client.rpc.IncompatibleRemoteServiceException'
      Started from 'com.google.gwt.user.client.rpc.IncompatibleRemoteServiceException'

java.lang.RuntimeException
   Serialization status
      Field serializable
   Path
      'java.lang.RuntimeException' is reachable as a supertype of type 'class com.google.gwt.user.client.rpc.IncompatibleRemoteServiceException'
      'com.google.gwt.user.client.rpc.IncompatibleRemoteServiceException' is reachable as a subtype of type 'class com.google.gwt.user.client.rpc.IncompatibleRemoteServiceException'
      Started from 'com.google.gwt.user.client.rpc.IncompatibleRemoteServiceException'

java.lang.String
   Serialization status
      Instantiable
   Path
      'java.lang.String' is reachable as a subtype of type 'class java.lang.String'
      Started from 'java.lang.String'

java.lang.String[]
   Serialization status
      Instantiable
   Path
      'java.lang.String' is reachable from type argument 0 of type 'java.util.Arrays.ArrayList<E>'
      'java.util.Arrays.ArrayList<java.lang.String>' is reachable as a subtype of type 'interface java.util.List<java.lang.String>'
      'java.util.List<java.lang.String>' is reachable from field 'm_statusCodes' of type 'com.novell.rolemap.client.ui.client.grid.DataStatus'
      'com.novell.rolemap.client.ui.client.grid.DataStatus' is reachable as a subtype of type 'class com.novell.rolemap.client.ui.client.grid.DataStatus'
      'com.novell.rolemap.client.ui.client.grid.DataStatus' is reachable from field 'm_status' of type 'com.novell.rolemap.client.ui.client.grid.DataResult'
      'com.novell.rolemap.client.ui.client.grid.DataResult' is reachable as a subtype of type 'class com.novell.rolemap.client.ui.client.grid.DataResult'
      Started from 'com.novell.rolemap.client.ui.client.grid.DataResult'

java.lang.Throwable
   Serialization status
      Field serializable
   Path
      'java.lang.Throwable' is reachable as a supertype of type 'class java.lang.Exception'
      'java.lang.Exception' is reachable as a supertype of type 'class java.lang.RuntimeException'
      'java.lang.RuntimeException' is reachable as a supertype of type 'class com.google.gwt.user.client.rpc.IncompatibleRemoteServiceException'
      'com.google.gwt.user.client.rpc.IncompatibleRemoteServiceException' is reachable as a subtype of type 'class com.google.gwt.user.client.rpc.IncompatibleRemoteServiceException'
      Started from 'com.google.gwt.user.client.rpc.IncompatibleRemoteServiceException'

java.util.ArrayList<java.lang.String>
   Serialization status
      Instantiable
   Path
      'java.util.ArrayList<java.lang.String>' is reachable as a subtype of type 'interface java.util.List<java.lang.String>'
      'java.util.List<java.lang.String>' is reachable from field 'm_statusCodes' of type 'com.novell.rolemap.client.ui.client.grid.DataStatus'
      'com.novell.rolemap.client.ui.client.grid.DataStatus' is reachable as a subtype of type 'class com.novell.rolemap.client.ui.client.grid.DataStatus'
      'com.novell.rolemap.client.ui.client.grid.DataStatus' is reachable from field 'm_status' of type 'com.novell.rolemap.client.ui.client.grid.DataResult'
      'com.novell.rolemap.client.ui.client.grid.DataResult' is reachable as a subtype of type 'class com.novell.rolemap.client.ui.client.grid.DataResult'
      Started from 'com.novell.rolemap.client.ui.client.grid.DataResult'

java.util.ArrayList<com.novell.gwt.lib.client.widgets.table.DataRecord>
   Serialization status
      Instantiable
   Path
      'java.util.ArrayList<com.novell.gwt.lib.client.widgets.table.DataRecord>' is reachable as a subtype of type 'interface java.util.List<com.novell.gwt.lib.client.widgets.table.DataRecord>'
      'java.util.List<com.novell.gwt.lib.client.widgets.table.DataRecord>' is reachable from field 'm_records' of type 'com.novell.rolemap.client.ui.client.grid.DataResult'
      'com.novell.rolemap.client.ui.client.grid.DataResult' is reachable as a subtype of type 'class com.novell.rolemap.client.ui.client.grid.DataResult'
      Started from 'com.novell.rolemap.client.ui.client.grid.DataResult'

java.util.Arrays.ArrayList<java.lang.String>
   Serialization status
      Instantiable
   Path
      'java.util.Arrays.ArrayList<java.lang.String>' is reachable as a subtype of type 'interface java.util.List<java.lang.String>'
      'java.util.List<java.lang.String>' is reachable from field 'm_statusCodes' of type 'com.novell.rolemap.client.ui.client.grid.DataStatus'
      'com.novell.rolemap.client.ui.client.grid.DataStatus' is reachable as a subtype of type 'class com.novell.rolemap.client.ui.client.grid.DataStatus'
      'com.novell.rolemap.client.ui.client.grid.DataStatus' is reachable from field 'm_status' of type 'com.novell.rolemap.client.ui.client.grid.DataResult'
      'com.novell.rolemap.client.ui.client.grid.DataResult' is reachable as a subtype of type 'class com.novell.rolemap.client.ui.client.grid.DataResult'
      Started from 'com.novell.rolemap.client.ui.client.grid.DataResult'

java.util.Arrays.ArrayList<com.novell.gwt.lib.client.widgets.table.DataRecord>
   Serialization status
      Instantiable
   Path
      'java.util.Arrays.ArrayList<com.novell.gwt.lib.client.widgets.table.DataRecord>' is reachable as a subtype of type 'interface java.util.List<com.novell.gwt.lib.client.widgets.table.DataRecord>'
      'java.util.List<com.novell.gwt.lib.client.widgets.table.DataRecord>' is reachable from field 'm_records' of type 'com.novell.rolemap.client.ui.client.grid.DataResult'
      'com.novell.rolemap.client.ui.client.grid.DataResult' is reachable as a subtype of type 'class com.novell.rolemap.client.ui.client.grid.DataResult'
      Started from 'com.novell.rolemap.client.ui.client.grid.DataResult'

java.util.HashMap<java.lang.String, java.lang.String>
   Serialization status
      Instantiable
   Path
      'java.util.HashMap<java.lang.String, java.lang.String>' is reachable as a supertype of type 'class java.util.LinkedHashMap<java.lang.String, java.lang.String>'
      'java.util.LinkedHashMap<java.lang.String, java.lang.String>' is reachable as a subtype of type 'interface java.util.Map<java.lang.String, java.lang.String>'
      'java.util.Map<java.lang.String, java.lang.String>' is reachable from field 'm_params' of type 'com.novell.rolemap.client.ui.client.grid.DataFilter'
      'com.novell.rolemap.client.ui.client.grid.DataFilter' is reachable as a subtype of type 'class com.novell.rolemap.client.ui.client.grid.DataFilter'
      'com.novell.rolemap.client.ui.client.grid.DataFilter' is reachable from field 'm_filter' of type 'com.novell.rolemap.client.ui.client.grid.DataResult'
      'com.novell.rolemap.client.ui.client.grid.DataResult' is reachable as a subtype of type 'class com.novell.rolemap.client.ui.client.grid.DataResult'
      Started from 'com.novell.rolemap.client.ui.client.grid.DataResult'

java.util.IdentityHashMap<java.lang.String, java.lang.String>
   Serialization status
      Instantiable
   Path
      'java.util.IdentityHashMap<java.lang.String, java.lang.String>' is reachable as a subtype of type 'interface java.util.Map<java.lang.String, java.lang.String>'
      'java.util.Map<java.lang.String, java.lang.String>' is reachable from field 'm_params' of type 'com.novell.rolemap.client.ui.client.grid.DataFilter'
      'com.novell.rolemap.client.ui.client.grid.DataFilter' is reachable as a subtype of type 'class com.novell.rolemap.client.ui.client.grid.DataFilter'
      'com.novell.rolemap.client.ui.client.grid.DataFilter' is reachable from field 'm_filter' of type 'com.novell.rolemap.client.ui.client.grid.DataResult'
      'com.novell.rolemap.client.ui.client.grid.DataResult' is reachable as a subtype of type 'class com.novell.rolemap.client.ui.client.grid.DataResult'
      Started from 'com.novell.rolemap.client.ui.client.grid.DataResult'

java.util.LinkedHashMap<java.lang.String, java.lang.String>
   Serialization status
      Instantiable
   Path
      'java.util.LinkedHashMap<java.lang.String, java.lang.String>' is reachable as a subtype of type 'interface java.util.Map<java.lang.String, java.lang.String>'
      'java.util.Map<java.lang.String, java.lang.String>' is reachable from field 'm_params' of type 'com.novell.rolemap.client.ui.client.grid.DataFilter'
      'com.novell.rolemap.client.ui.client.grid.DataFilter' is reachable as a subtype of type 'class com.novell.rolemap.client.ui.client.grid.DataFilter'
      'com.novell.rolemap.client.ui.client.grid.DataFilter' is reachable from field 'm_filter' of type 'com.novell.rolemap.client.ui.client.grid.DataResult'
      'com.novell.rolemap.client.ui.client.grid.DataResult' is reachable as a subtype of type 'class com.novell.rolemap.client.ui.client.grid.DataResult'
      Started from 'com.novell.rolemap.client.ui.client.grid.DataResult'

java.util.LinkedList<com.novell.gwt.lib.client.widgets.table.DataRecord>
   Serialization status
      Instantiable
   Path
      'java.util.LinkedList<com.novell.gwt.lib.client.widgets.table.DataRecord>' is reachable as a subtype of type 'interface java.util.List<com.novell.gwt.lib.client.widgets.table.DataRecord>'
      'java.util.List<com.novell.gwt.lib.client.widgets.table.DataRecord>' is reachable from field 'm_records' of type 'com.novell.rolemap.client.ui.client.grid.DataResult'
      'com.novell.rolemap.client.ui.client.grid.DataResult' is reachable as a subtype of type 'class com.novell.rolemap.client.ui.client.grid.DataResult'
      Started from 'com.novell.rolemap.client.ui.client.grid.DataResult'

java.util.LinkedList<java.lang.String>
   Serialization status
      Instantiable
   Path
      'java.util.LinkedList<java.lang.String>' is reachable as a subtype of type 'interface java.util.List<java.lang.String>'
      'java.util.List<java.lang.String>' is reachable from field 'm_statusCodes' of type 'com.novell.rolemap.client.ui.client.grid.DataStatus'
      'com.novell.rolemap.client.ui.client.grid.DataStatus' is reachable as a subtype of type 'class com.novell.rolemap.client.ui.client.grid.DataStatus'
      'com.novell.rolemap.client.ui.client.grid.DataStatus' is reachable from field 'm_status' of type 'com.novell.rolemap.client.ui.client.grid.DataResult'
      'com.novell.rolemap.client.ui.client.grid.DataResult' is reachable as a subtype of type 'class com.novell.rolemap.client.ui.client.grid.DataResult'
      Started from 'com.novell.rolemap.client.ui.client.grid.DataResult'

java.util.Stack<java.lang.String>
   Serialization status
      Instantiable
   Path
      'java.util.Stack<java.lang.String>' is reachable as a subtype of type 'interface java.util.List<java.lang.String>'
      'java.util.List<java.lang.String>' is reachable from field 'm_statusCodes' of type 'com.novell.rolemap.client.ui.client.grid.DataStatus'
      'com.novell.rolemap.client.ui.client.grid.DataStatus' is reachable as a subtype of type 'class com.novell.rolemap.client.ui.client.grid.DataStatus'
      'com.novell.rolemap.client.ui.client.grid.DataStatus' is reachable from field 'm_status' of type 'com.novell.rolemap.client.ui.client.grid.DataResult'
      'com.novell.rolemap.client.ui.client.grid.DataResult' is reachable as a subtype of type 'class com.novell.rolemap.client.ui.client.grid.DataResult'
      Started from 'com.novell.rolemap.client.ui.client.grid.DataResult'

java.util.Stack<com.novell.gwt.lib.client.widgets.table.DataRecord>
   Serialization status
      Instantiable
   Path
      'java.util.Stack<com.novell.gwt.lib.client.widgets.table.DataRecord>' is reachable as a subtype of type 'interface java.util.List<com.novell.gwt.lib.client.widgets.table.DataRecord>'
      'java.util.List<com.novell.gwt.lib.client.widgets.table.DataRecord>' is reachable from field 'm_records' of type 'com.novell.rolemap.client.ui.client.grid.DataResult'
      'com.novell.rolemap.client.ui.client.grid.DataResult' is reachable as a subtype of type 'class com.novell.rolemap.client.ui.client.grid.DataResult'
      Started from 'com.novell.rolemap.client.ui.client.grid.DataResult'

java.util.Vector<java.lang.String>
   Serialization status
      Instantiable
   Path
      'java.util.Vector<java.lang.String>' is reachable as a supertype of type 'class java.util.Stack<java.lang.String>'
      'java.util.Stack<java.lang.String>' is reachable as a subtype of type 'interface java.util.List<java.lang.String>'
      'java.util.List<java.lang.String>' is reachable from field 'm_statusCodes' of type 'com.novell.rolemap.client.ui.client.grid.DataStatus'
      'com.novell.rolemap.client.ui.client.grid.DataStatus' is reachable as a subtype of type 'class com.novell.rolemap.client.ui.client.grid.DataStatus'
      'com.novell.rolemap.client.ui.client.grid.DataStatus' is reachable from field 'm_status' of type 'com.novell.rolemap.client.ui.client.grid.DataResult'
      'com.novell.rolemap.client.ui.client.grid.DataResult' is reachable as a subtype of type 'class com.novell.rolemap.client.ui.client.grid.DataResult'
      Started from 'com.novell.rolemap.client.ui.client.grid.DataResult'

java.util.Vector<com.novell.gwt.lib.client.widgets.table.DataRecord>
   Serialization status
      Instantiable
   Path
      'java.util.Vector<com.novell.gwt.lib.client.widgets.table.DataRecord>' is reachable as a supertype of type 'class java.util.Stack<com.novell.gwt.lib.client.widgets.table.DataRecord>'
      'java.util.Stack<com.novell.gwt.lib.client.widgets.table.DataRecord>' is reachable as a subtype of type 'interface java.util.List<com.novell.gwt.lib.client.widgets.table.DataRecord>'
      'java.util.List<com.novell.gwt.lib.client.widgets.table.DataRecord>' is reachable from field 'm_records' of type 'com.novell.rolemap.client.ui.client.grid.DataResult'
      'com.novell.rolemap.client.ui.client.grid.DataResult' is reachable as a subtype of type 'class com.novell.rolemap.client.ui.client.grid.DataResult'
      Started from 'com.novell.rolemap.client.ui.client.grid.DataResult'

