Reachable types computed on: Mon Jun 11 07:23:59 IST 2012
com.google.gwt.user.client.rpc.IncompatibleRemoteServiceException
   Serialization status
      Instantiable
   Path
      'com.google.gwt.user.client.rpc.IncompatibleRemoteServiceException' is reachable as a subtype of type 'class com.google.gwt.user.client.rpc.IncompatibleRemoteServiceException'
      Started from 'com.google.gwt.user.client.rpc.IncompatibleRemoteServiceException'

com.novell.rolemap.client.ui.client.config.MappingColumnConfigModel
   Serialization status
      Instantiable
   Path
      'com.novell.rolemap.client.ui.client.config.MappingColumnConfigModel' is reachable as a subtype of type 'class com.novell.rolemap.client.ui.client.config.MappingColumnConfigModel'
      Started from 'com.novell.rolemap.client.ui.client.config.MappingColumnConfigModel'

java.lang.Exception
   Serialization status
      Field serializable
   Path
      'java.lang.Exception' is reachable as a supertype of type 'class java.lang.RuntimeException'
      'java.lang.RuntimeException' is reachable as a supertype of type 'class com.google.gwt.user.client.rpc.IncompatibleRemoteServiceException'
      'com.google.gwt.user.client.rpc.IncompatibleRemoteServiceException' is reachable as a subtype of type 'class com.google.gwt.user.client.rpc.IncompatibleRemoteServiceException'
      Started from 'com.google.gwt.user.client.rpc.IncompatibleRemoteServiceException'

java.lang.RuntimeException
   Serialization status
      Field serializable
   Path
      'java.lang.RuntimeException' is reachable as a supertype of type 'class com.google.gwt.user.client.rpc.IncompatibleRemoteServiceException'
      'com.google.gwt.user.client.rpc.IncompatibleRemoteServiceException' is reachable as a subtype of type 'class com.google.gwt.user.client.rpc.IncompatibleRemoteServiceException'
      Started from 'com.google.gwt.user.client.rpc.IncompatibleRemoteServiceException'

java.lang.String
   Serialization status
      Instantiable
   Path
      'java.lang.String' is reachable as a subtype of type 'class java.lang.String'
      Started from 'java.lang.String'

java.lang.Throwable
   Serialization status
      Field serializable
   Path
      'java.lang.Throwable' is reachable as a supertype of type 'class java.lang.Exception'
      'java.lang.Exception' is reachable as a supertype of type 'class java.lang.RuntimeException'
      'java.lang.RuntimeException' is reachable as a supertype of type 'class com.google.gwt.user.client.rpc.IncompatibleRemoteServiceException'
      'com.google.gwt.user.client.rpc.IncompatibleRemoteServiceException' is reachable as a subtype of type 'class com.google.gwt.user.client.rpc.IncompatibleRemoteServiceException'
      Started from 'com.google.gwt.user.client.rpc.IncompatibleRemoteServiceException'

