Reachable types computed on: Mon Jun 11 07:24:00 IST 2012
com.google.gwt.i18n.client.impl.ConstantMap
   Serialization status
      Not serializable
   Path
      'com.google.gwt.i18n.client.impl.ConstantMap' is reachable as a subtype of type 'interface java.util.Map<java.lang.String, java.lang.String>'
      Started from 'java.util.Map<java.lang.String, java.lang.String>'

com.google.gwt.user.client.rpc.IncompatibleRemoteServiceException
   Serialization status
      Instantiable
   Path
      'com.google.gwt.user.client.rpc.IncompatibleRemoteServiceException' is reachable as a subtype of type 'class com.google.gwt.user.client.rpc.IncompatibleRemoteServiceException'
      Started from 'com.google.gwt.user.client.rpc.IncompatibleRemoteServiceException'

com.novell.rolemap.client.ui.client.UIRemoteException
   Serialization status
      Instantiable
   Path
      'com.novell.rolemap.client.ui.client.UIRemoteException' is reachable as a subtype of type 'class com.novell.rolemap.client.ui.client.UIRemoteException'
      Started from 'com.novell.rolemap.client.ui.client.UIRemoteException'

com.novell.rolemap.client.ui.client.config.ResourceCreationConfigModel
   Serialization status
      Instantiable
   Path
      'com.novell.rolemap.client.ui.client.config.ResourceCreationConfigModel' is reachable as a subtype of type 'class com.novell.rolemap.client.ui.client.config.ResourceCreationConfigModel'
      Started from 'com.novell.rolemap.client.ui.client.config.ResourceCreationConfigModel'

java.lang.Boolean
   Serialization status
      Instantiable
   Path
      'java.lang.Boolean' is reachable as a subtype of type 'class java.lang.Boolean'
      'java.lang.Boolean' is reachable from field 'm_useSystemNamePrefix' of type 'com.novell.rolemap.client.ui.client.config.ResourceCreationConfigModel'
      'com.novell.rolemap.client.ui.client.config.ResourceCreationConfigModel' is reachable as a subtype of type 'class com.novell.rolemap.client.ui.client.config.ResourceCreationConfigModel'
      Started from 'com.novell.rolemap.client.ui.client.config.ResourceCreationConfigModel'

java.lang.Exception
   Serialization status
      Field serializable
   Path
      'java.lang.Exception' is reachable as a supertype of type 'class java.lang.RuntimeException'
      'java.lang.RuntimeException' is reachable as a supertype of type 'class com.google.gwt.user.client.rpc.IncompatibleRemoteServiceException'
      'com.google.gwt.user.client.rpc.IncompatibleRemoteServiceException' is reachable as a subtype of type 'class com.google.gwt.user.client.rpc.IncompatibleRemoteServiceException'
      Started from 'com.google.gwt.user.client.rpc.IncompatibleRemoteServiceException'

java.lang.RuntimeException
   Serialization status
      Field serializable
   Path
      'java.lang.RuntimeException' is reachable as a supertype of type 'class com.google.gwt.user.client.rpc.IncompatibleRemoteServiceException'
      'com.google.gwt.user.client.rpc.IncompatibleRemoteServiceException' is reachable as a subtype of type 'class com.google.gwt.user.client.rpc.IncompatibleRemoteServiceException'
      Started from 'com.google.gwt.user.client.rpc.IncompatibleRemoteServiceException'

java.lang.String
   Serialization status
      Instantiable
   Path
      'java.lang.String' is reachable as a subtype of type 'class java.lang.String'
      Started from 'java.lang.String'

java.lang.Throwable
   Serialization status
      Field serializable
   Path
      'java.lang.Throwable' is reachable as a supertype of type 'class java.lang.Exception'
      'java.lang.Exception' is reachable as a supertype of type 'class java.lang.RuntimeException'
      'java.lang.RuntimeException' is reachable as a supertype of type 'class com.google.gwt.user.client.rpc.IncompatibleRemoteServiceException'
      'com.google.gwt.user.client.rpc.IncompatibleRemoteServiceException' is reachable as a subtype of type 'class com.google.gwt.user.client.rpc.IncompatibleRemoteServiceException'
      Started from 'com.google.gwt.user.client.rpc.IncompatibleRemoteServiceException'

java.util.HashMap<java.lang.String, java.lang.String>
   Serialization status
      Instantiable
   Path
      'java.util.HashMap<java.lang.String, java.lang.String>' is reachable as a supertype of type 'class java.util.LinkedHashMap<java.lang.String, java.lang.String>'
      'java.util.LinkedHashMap<java.lang.String, java.lang.String>' is reachable as a subtype of type 'interface java.util.Map<java.lang.String, java.lang.String>'
      Started from 'java.util.Map<java.lang.String, java.lang.String>'

java.util.IdentityHashMap<java.lang.String, java.lang.String>
   Serialization status
      Instantiable
   Path
      'java.util.IdentityHashMap<java.lang.String, java.lang.String>' is reachable as a subtype of type 'interface java.util.Map<java.lang.String, java.lang.String>'
      Started from 'java.util.Map<java.lang.String, java.lang.String>'

java.util.LinkedHashMap<java.lang.String, java.lang.String>
   Serialization status
      Instantiable
   Path
      'java.util.LinkedHashMap<java.lang.String, java.lang.String>' is reachable as a subtype of type 'interface java.util.Map<java.lang.String, java.lang.String>'
      Started from 'java.util.Map<java.lang.String, java.lang.String>'

