Reachable types computed on: Mon Jun 11 07:24:00 IST 2012
com.google.gwt.i18n.client.impl.ConstantMap
   Serialization status
      Not serializable
   Path
      'com.google.gwt.i18n.client.impl.ConstantMap' is reachable as a subtype of type 'interface java.util.Map<java.lang.String, java.lang.String>'
      'java.util.Map<java.lang.String, java.lang.String>' is reachable from field 'm_fieldData' of type 'com.novell.gwt.lib.client.widgets.table.DataRecord'
      'com.novell.gwt.lib.client.widgets.table.DataRecord' is reachable as a subtype of type 'class com.novell.gwt.lib.client.widgets.table.DataRecord'
      Started from 'com.novell.gwt.lib.client.widgets.table.DataRecord'

com.google.gwt.user.client.rpc.IncompatibleRemoteServiceException
   Serialization status
      Instantiable
   Path
      'com.google.gwt.user.client.rpc.IncompatibleRemoteServiceException' is reachable as a subtype of type 'class com.google.gwt.user.client.rpc.IncompatibleRemoteServiceException'
      Started from 'com.google.gwt.user.client.rpc.IncompatibleRemoteServiceException'

com.novell.gwt.lib.client.widgets.table.DataRecord
   Serialization status
      Instantiable
   Path
      'com.novell.gwt.lib.client.widgets.table.DataRecord' is reachable as a subtype of type 'class com.novell.gwt.lib.client.widgets.table.DataRecord'
      Started from 'com.novell.gwt.lib.client.widgets.table.DataRecord'

com.novell.rolemap.client.ui.client.UIRemoteException
   Serialization status
      Instantiable
   Path
      'com.novell.rolemap.client.ui.client.UIRemoteException' is reachable as a subtype of type 'class com.novell.rolemap.client.ui.client.UIRemoteException'
      Started from 'com.novell.rolemap.client.ui.client.UIRemoteException'

java.lang.Exception
   Serialization status
      Field serializable
   Path
      'java.lang.Exception' is reachable as a supertype of type 'class java.lang.RuntimeException'
      'java.lang.RuntimeException' is reachable as a supertype of type 'class com.google.gwt.user.client.rpc.IncompatibleRemoteServiceException'
      'com.google.gwt.user.client.rpc.IncompatibleRemoteServiceException' is reachable as a subtype of type 'class com.google.gwt.user.client.rpc.IncompatibleRemoteServiceException'
      Started from 'com.google.gwt.user.client.rpc.IncompatibleRemoteServiceException'

java.lang.RuntimeException
   Serialization status
      Field serializable
   Path
      'java.lang.RuntimeException' is reachable as a supertype of type 'class com.google.gwt.user.client.rpc.IncompatibleRemoteServiceException'
      'com.google.gwt.user.client.rpc.IncompatibleRemoteServiceException' is reachable as a subtype of type 'class com.google.gwt.user.client.rpc.IncompatibleRemoteServiceException'
      Started from 'com.google.gwt.user.client.rpc.IncompatibleRemoteServiceException'

java.lang.String
   Serialization status
      Instantiable
   Path
      'java.lang.String' is reachable as a subtype of type 'class java.lang.String'
      Started from 'java.lang.String'

java.lang.String[]
   Serialization status
      Instantiable
   Path
      'java.lang.String' is reachable from type argument 0 of type 'java.util.Arrays.ArrayList<E>'
      'java.util.Arrays.ArrayList<java.lang.String>' is reachable as a subtype of type 'interface java.util.List<java.lang.String>'
      'java.util.List<java.lang.String>' is reachable from field 'm_dataList' of type 'com.novell.gwt.lib.client.widgets.table.DataRecord'
      'com.novell.gwt.lib.client.widgets.table.DataRecord' is reachable as a subtype of type 'class com.novell.gwt.lib.client.widgets.table.DataRecord'
      Started from 'com.novell.gwt.lib.client.widgets.table.DataRecord'

java.lang.Throwable
   Serialization status
      Field serializable
   Path
      'java.lang.Throwable' is reachable as a supertype of type 'class java.lang.Exception'
      'java.lang.Exception' is reachable as a supertype of type 'class java.lang.RuntimeException'
      'java.lang.RuntimeException' is reachable as a supertype of type 'class com.google.gwt.user.client.rpc.IncompatibleRemoteServiceException'
      'com.google.gwt.user.client.rpc.IncompatibleRemoteServiceException' is reachable as a subtype of type 'class com.google.gwt.user.client.rpc.IncompatibleRemoteServiceException'
      Started from 'com.google.gwt.user.client.rpc.IncompatibleRemoteServiceException'

java.util.ArrayList<java.lang.String>
   Serialization status
      Instantiable
   Path
      'java.util.ArrayList<java.lang.String>' is reachable as a subtype of type 'interface java.util.List<java.lang.String>'
      'java.util.List<java.lang.String>' is reachable from field 'm_dataList' of type 'com.novell.gwt.lib.client.widgets.table.DataRecord'
      'com.novell.gwt.lib.client.widgets.table.DataRecord' is reachable as a subtype of type 'class com.novell.gwt.lib.client.widgets.table.DataRecord'
      Started from 'com.novell.gwt.lib.client.widgets.table.DataRecord'

java.util.Arrays.ArrayList<java.lang.String>
   Serialization status
      Instantiable
   Path
      'java.util.Arrays.ArrayList<java.lang.String>' is reachable as a subtype of type 'interface java.util.List<java.lang.String>'
      'java.util.List<java.lang.String>' is reachable from field 'm_dataList' of type 'com.novell.gwt.lib.client.widgets.table.DataRecord'
      'com.novell.gwt.lib.client.widgets.table.DataRecord' is reachable as a subtype of type 'class com.novell.gwt.lib.client.widgets.table.DataRecord'
      Started from 'com.novell.gwt.lib.client.widgets.table.DataRecord'

java.util.HashMap<java.lang.String, java.lang.String>
   Serialization status
      Instantiable
   Path
      'java.util.HashMap<java.lang.String, java.lang.String>' is reachable as a supertype of type 'class java.util.LinkedHashMap<java.lang.String, java.lang.String>'
      'java.util.LinkedHashMap<java.lang.String, java.lang.String>' is reachable as a subtype of type 'interface java.util.Map<java.lang.String, java.lang.String>'
      'java.util.Map<java.lang.String, java.lang.String>' is reachable from field 'm_fieldData' of type 'com.novell.gwt.lib.client.widgets.table.DataRecord'
      'com.novell.gwt.lib.client.widgets.table.DataRecord' is reachable as a subtype of type 'class com.novell.gwt.lib.client.widgets.table.DataRecord'
      Started from 'com.novell.gwt.lib.client.widgets.table.DataRecord'

java.util.IdentityHashMap<java.lang.String, java.lang.String>
   Serialization status
      Instantiable
   Path
      'java.util.IdentityHashMap<java.lang.String, java.lang.String>' is reachable as a subtype of type 'interface java.util.Map<java.lang.String, java.lang.String>'
      'java.util.Map<java.lang.String, java.lang.String>' is reachable from field 'm_fieldData' of type 'com.novell.gwt.lib.client.widgets.table.DataRecord'
      'com.novell.gwt.lib.client.widgets.table.DataRecord' is reachable as a subtype of type 'class com.novell.gwt.lib.client.widgets.table.DataRecord'
      Started from 'com.novell.gwt.lib.client.widgets.table.DataRecord'

java.util.LinkedHashMap<java.lang.String, java.lang.String>
   Serialization status
      Instantiable
   Path
      'java.util.LinkedHashMap<java.lang.String, java.lang.String>' is reachable as a subtype of type 'interface java.util.Map<java.lang.String, java.lang.String>'
      'java.util.Map<java.lang.String, java.lang.String>' is reachable from field 'm_fieldData' of type 'com.novell.gwt.lib.client.widgets.table.DataRecord'
      'com.novell.gwt.lib.client.widgets.table.DataRecord' is reachable as a subtype of type 'class com.novell.gwt.lib.client.widgets.table.DataRecord'
      Started from 'com.novell.gwt.lib.client.widgets.table.DataRecord'

java.util.LinkedList<java.lang.String>
   Serialization status
      Instantiable
   Path
      'java.util.LinkedList<java.lang.String>' is reachable as a subtype of type 'interface java.util.List<java.lang.String>'
      'java.util.List<java.lang.String>' is reachable from field 'm_dataList' of type 'com.novell.gwt.lib.client.widgets.table.DataRecord'
      'com.novell.gwt.lib.client.widgets.table.DataRecord' is reachable as a subtype of type 'class com.novell.gwt.lib.client.widgets.table.DataRecord'
      Started from 'com.novell.gwt.lib.client.widgets.table.DataRecord'

java.util.Stack<java.lang.String>
   Serialization status
      Instantiable
   Path
      'java.util.Stack<java.lang.String>' is reachable as a subtype of type 'interface java.util.List<java.lang.String>'
      'java.util.List<java.lang.String>' is reachable from field 'm_dataList' of type 'com.novell.gwt.lib.client.widgets.table.DataRecord'
      'com.novell.gwt.lib.client.widgets.table.DataRecord' is reachable as a subtype of type 'class com.novell.gwt.lib.client.widgets.table.DataRecord'
      Started from 'com.novell.gwt.lib.client.widgets.table.DataRecord'

java.util.Vector<java.lang.String>
   Serialization status
      Instantiable
   Path
      'java.util.Vector<java.lang.String>' is reachable as a supertype of type 'class java.util.Stack<java.lang.String>'
      'java.util.Stack<java.lang.String>' is reachable as a subtype of type 'interface java.util.List<java.lang.String>'
      'java.util.List<java.lang.String>' is reachable from field 'm_dataList' of type 'com.novell.gwt.lib.client.widgets.table.DataRecord'
      'com.novell.gwt.lib.client.widgets.table.DataRecord' is reachable as a subtype of type 'class com.novell.gwt.lib.client.widgets.table.DataRecord'
      Started from 'com.novell.gwt.lib.client.widgets.table.DataRecord'

